<?xml version="1.0" encoding="UTF-8"?>
<testng-results ignored="0" total="1" passed="1" failed="0" skipped="0">
  <reporter-output>
  </reporter-output>
  <suite started-at="2025-05-18T00:05:04 IST" name="BlazeDemo Automation Suite" finished-at="2025-05-18T00:05:13 IST" duration-ms="8659">
    <groups>
      <group name="regression">
        <method signature="stepdefinitions.testFlightBookingFlowWithValidations()[pri:0, instance:StepDefinitions.stepdefinitions@2d7275fc]" name="testFlightBookingFlowWithValidations" class="StepDefinitions.stepdefinitions"/>
      </group> <!-- regression -->
      <group name="smoke">
        <method signature="stepdefinitions.testFlightBookingFlowWithValidations()[pri:0, instance:StepDefinitions.stepdefinitions@2d7275fc]" name="testFlightBookingFlowWithValidations" class="StepDefinitions.stepdefinitions"/>
      </group> <!-- smoke -->
    </groups>
    <test started-at="2025-05-18T00:05:04 IST" name="Smoke and Regression Test Run" finished-at="2025-05-18T00:05:13 IST" duration-ms="8659">
      <class name="StepDefinitions.stepdefinitions">
        <test-method is-config="true" signature="setup(java.lang.String)[pri:0, instance:StepDefinitions.stepdefinitions@2d7275fc]" started-at="2025-05-18T00:05:04 IST" name="setup" finished-at="2025-05-18T00:05:09 IST" duration-ms="4429" status="PASS">
          <params>
            <param index="0">
              <value>
                <![CDATA[https://blazedemo.com]]>
              </value>
            </param>
          </params>
          <reporter-output>
          </reporter-output>
        </test-method> <!-- setup -->
        <test-method signature="testFlightBookingFlowWithValidations()[pri:0, instance:StepDefinitions.stepdefinitions@2d7275fc]" started-at="2025-05-18T00:05:09 IST" name="testFlightBookingFlowWithValidations" finished-at="2025-05-18T00:05:12 IST" duration-ms="3724" status="PASS">
          <reporter-output>
          </reporter-output>
        </test-method> <!-- testFlightBookingFlowWithValidations -->
        <test-method is-config="true" signature="tearDown()[pri:0, instance:StepDefinitions.stepdefinitions@2d7275fc]" started-at="2025-05-18T00:05:12 IST" name="tearDown" finished-at="2025-05-18T00:05:13 IST" duration-ms="426" status="PASS">
          <reporter-output>
          </reporter-output>
        </test-method> <!-- tearDown -->
        <test-method is-config="true" signature="teardown(org.testng.ITestResult)[pri:0, instance:StepDefinitions.stepdefinitions@2d7275fc]" started-at="2025-05-18T00:05:13 IST" name="teardown" finished-at="2025-05-18T00:05:13 IST" duration-ms="4" status="PASS">
          <params>
            <param index="0">
              <value>
                <![CDATA[[TestResult name=testFlightBookingFlowWithValidations status=SUCCESS method=stepdefinitions.testFlightBookingFlowWithValidations()[pri:0, instance:StepDefinitions.stepdefinitions@2d7275fc] output={null}]]]>
              </value>
            </param>
          </params>
          <reporter-output>
          </reporter-output>
        </test-method> <!-- teardown -->
        <test-method is-config="true" signature="tearDownSuite()[pri:0, instance:StepDefinitions.stepdefinitions@2d7275fc]" started-at="2025-05-18T00:05:13 IST" name="tearDownSuite" finished-at="2025-05-18T00:05:14 IST" duration-ms="822" status="PASS">
          <reporter-output>
          </reporter-output>
        </test-method> <!-- tearDownSuite -->
      </class> <!-- StepDefinitions.stepdefinitions -->
    </test> <!-- Smoke and Regression Test Run -->
  </suite> <!-- BlazeDemo Automation Suite -->
</testng-results>
